2024-11-03 17:37:50,007 - INFO - Loading HTML file: data\ufc_stats.html
2024-11-03 17:37:50,114 - INFO - Loading HTML file: data\events\event_3ab0df1ddd5f1dc2.html
2024-11-03 17:41:42,127 - INFO - Loading HTML file: data\ufc_stats.html
2024-11-03 17:41:42,232 - INFO - Loading HTML file: data\events\event_3ab0df1ddd5f1dc2.html
2024-11-03 17:42:05,888 - INFO - Loading HTML file: data\ufc_stats.html
2024-11-03 17:42:05,998 - INFO - Loading HTML file: data\events\event_3ab0df1ddd5f1dc2.html
2024-11-03 17:48:14,452 - INFO - Loading HTML file: data\ufc_stats.html
2024-11-03 17:48:14,575 - INFO - Loading HTML file: data\events\event_3ab0df1ddd5f1dc2.html
2024-11-03 17:48:39,534 - INFO - Loading HTML file: data\ufc_stats.html
2024-11-03 17:48:39,647 - INFO - Loading HTML file: data\events\event_3ab0df1ddd5f1dc2.html
2024-11-03 17:52:47,383 - INFO - Loading HTML file: data\ufc_stats.html
2024-11-03 17:52:47,492 - INFO - No existing CSV found for event 585f9ffdb0cd0466, scraping data...
2024-11-03 17:52:47,492 - INFO - Scraping event data from http://ufcstats.com/event-details/585f9ffdb0cd0466
2024-11-03 17:53:01,614 - INFO - Successfully saved HTML to data\events\event_585f9ffdb0cd0466.html
2024-11-03 17:53:01,624 - ERROR - Error processing fight 1: list index out of range
2024-11-03 17:53:01,624 - ERROR - Error processing fight 2: list index out of range
2024-11-03 17:53:01,624 - ERROR - Error processing fight 3: list index out of range
2024-11-03 17:53:01,624 - ERROR - Error processing fight 4: list index out of range
2024-11-03 17:53:01,624 - ERROR - Error processing fight 5: list index out of range
2024-11-03 17:53:01,629 - ERROR - Error processing fight 6: list index out of range
2024-11-03 17:53:01,629 - ERROR - Error processing fight 7: list index out of range
2024-11-03 17:53:01,629 - ERROR - Error processing fight 8: list index out of range
2024-11-03 17:53:01,629 - ERROR - Error processing fight 9: list index out of range
2024-11-03 17:53:01,629 - ERROR - Error processing fight 10: list index out of range
2024-11-03 17:53:01,629 - ERROR - Error processing fight 11: list index out of range
2024-11-03 17:53:01,629 - ERROR - Error processing fight 12: list index out of range
2024-11-03 17:53:01,629 - ERROR - Error processing fight 13: list index out of range
2024-11-03 17:53:01,636 - INFO - Successfully saved data to CSV: data\csv\event_585f9ffdb0cd0466.csv
2024-11-03 17:53:03,638 - INFO - No existing CSV found for event 3ab0df1ddd5f1dc2, scraping data...
2024-11-03 17:53:03,638 - INFO - Loading HTML file: data\events\event_3ab0df1ddd5f1dc2.html
2024-11-03 17:53:03,663 - INFO - Successfully saved data to CSV: data\csv\event_3ab0df1ddd5f1dc2.csv
2024-11-03 17:53:05,665 - INFO - No existing CSV found for event 221b2a3070c7ce3e, scraping data...
2024-11-03 17:53:05,665 - INFO - Scraping event data from http://ufcstats.com/event-details/221b2a3070c7ce3e
2024-11-03 17:53:18,500 - INFO - Successfully saved HTML to data\events\event_221b2a3070c7ce3e.html
2024-11-03 17:53:18,520 - INFO - Successfully saved data to CSV: data\csv\event_221b2a3070c7ce3e.csv
2024-11-03 17:53:20,525 - INFO - No existing CSV found for event 6a0047ac8c99fece, scraping data...
2024-11-03 17:53:20,525 - INFO - Scraping event data from http://ufcstats.com/event-details/6a0047ac8c99fece
2024-11-03 17:53:33,746 - INFO - Successfully saved HTML to data\events\event_6a0047ac8c99fece.html
2024-11-03 17:53:33,761 - INFO - Successfully saved data to CSV: data\csv\event_6a0047ac8c99fece.csv
2024-11-03 17:53:35,767 - INFO - No existing CSV found for event 5bdcbd8dd681a257, scraping data...
2024-11-03 17:53:35,767 - INFO - Scraping event data from http://ufcstats.com/event-details/5bdcbd8dd681a257
2024-11-03 17:53:48,668 - INFO - Successfully saved HTML to data\events\event_5bdcbd8dd681a257.html
2024-11-03 17:53:48,688 - INFO - Successfully saved data to CSV: data\csv\event_5bdcbd8dd681a257.csv
